> Task :app:checkKotlinGradlePluginConfigurationErrors SKIPPED
> Task :app:preBuild UP-TO-DATE
> Task :app:preDebugBuild UP-TO-DATE
> Task :app:dataBindingMergeDependencyArtifactsDebug UP-TO-DATE
> Task :app:generateDebugResValues UP-TO-DATE
> Task :app:generateDebugResources UP-TO-DATE
> Task :app:mergeDebugResources UP-TO-DATE
> Task :app:packageDebugResources UP-TO-DATE
> Task :app:parseDebugLocalResources UP-TO-DATE
> Task :app:dataBindingGenBaseClassesDebug UP-TO-DATE
> Task :app:generateDebugBuildConfig UP-TO-DATE
> Task :app:checkDebugAarMetadata UP-TO-DATE
> Task :app:mapDebugSourceSetPaths UP-TO-DATE
> Task :app:createDebugCompatibleScreenManifests UP-TO-DATE
> Task :app:extractDeepLinksDebug UP-TO-DATE
> Task :app:processDebugMainManifest UP-TO-DATE
> Task :app:processDebugManifest UP-TO-DATE
> Task :app:processDebugManifestForPackage UP-TO-DATE
> Task :app:processDebugResources UP-TO-DATE
> Task :app:compileDebugKotlin UP-TO-DATE
> Task :app:javaPreCompileDebug UP-TO-DATE
> Task :app:compileDebugJavaWithJavac UP-TO-DATE
> Task :app:bundleDebugClassesToCompileJar UP-TO-DATE
> Task :app:preDebugAndroidTestBuild SKIPPED
> Task :app:dataBindingMergeDependencyArtifactsDebugAndroidTest UP-TO-DATE
> Task :app:generateDebugAndroidTestResValues UP-TO-DATE
> Task :app:generateDebugAndroidTestResources UP-TO-DATE
> Task :app:mergeDebugAndroidTestResources UP-TO-DATE
> Task :app:dataBindingGenBaseClassesDebugAndroidTest UP-TO-DATE
> Task :app:processDebugAndroidTestManifest UP-TO-DATE
> Task :app:generateDebugAndroidTestBuildConfig UP-TO-DATE
> Task :app:checkDebugAndroidTestAarMetadata UP-TO-DATE
> Task :app:mapDebugAndroidTestSourceSetPaths UP-TO-DATE
> Task :app:processDebugAndroidTestResources UP-TO-DATE
> Task :app:compileDebugAndroidTestKotlin UP-TO-DATE
> Task :app:javaPreCompileDebugAndroidTest UP-TO-DATE
> Task :app:compileDebugAndroidTestJavaWithJavac UP-TO-DATE
> Task :app:mergeDebugShaders UP-TO-DATE
> Task :app:compileDebugShaders NO-SOURCE
> Task :app:generateDebugAssets UP-TO-DATE
> Task :app:mergeDebugAssets UP-TO-DATE
> Task :app:compressDebugAssets UP-TO-DATE
> Task :app:processDebugJavaRes UP-TO-DATE
> Task :app:mergeDebugJavaResource UP-TO-DATE
> Task :app:checkDebugDuplicateClasses UP-TO-DATE
> Task :app:desugarDebugFileDependencies UP-TO-DATE
> Task :app:mergeExtDexDebug UP-TO-DATE
> Task :app:mergeLibDexDebug UP-TO-DATE
> Task :app:dexBuilderDebug UP-TO-DATE
> Task :app:mergeProjectDexDebug UP-TO-DATE
> Task :app:mergeDebugJniLibFolders UP-TO-DATE
> Task :app:mergeDebugNativeLibs UP-TO-DATE
> Task :app:stripDebugDebugSymbols UP-TO-DATE
> Task :app:validateSigningDebug UP-TO-DATE
> Task :app:writeDebugAppMetadata UP-TO-DATE
> Task :app:writeDebugSigningConfigVersions UP-TO-DATE
> Task :app:packageDebug UP-TO-DATE
> Task :app:createDebugApkListingFileRedirect UP-TO-DATE
> Task :app:mergeDebugAndroidTestShaders UP-TO-DATE
> Task :app:compileDebugAndroidTestShaders NO-SOURCE
> Task :app:generateDebugAndroidTestAssets UP-TO-DATE
> Task :app:mergeDebugAndroidTestAssets UP-TO-DATE
> Task :app:compressDebugAndroidTestAssets UP-TO-DATE
> Task :app:processDebugAndroidTestJavaRes UP-TO-DATE
> Task :app:mergeDebugAndroidTestJavaResource UP-TO-DATE
> Task :app:checkDebugAndroidTestDuplicateClasses UP-TO-DATE
> Task :app:desugarDebugAndroidTestFileDependencies UP-TO-DATE
> Task :app:mergeExtDexDebugAndroidTest UP-TO-DATE
> Task :app:mergeLibDexDebugAndroidTest UP-TO-DATE
> Task :app:dexBuilderDebugAndroidTest UP-TO-DATE
> Task :app:mergeProjectDexDebugAndroidTest UP-TO-DATE
> Task :app:mergeDebugAndroidTestJniLibFolders UP-TO-DATE
> Task :app:mergeDebugAndroidTestNativeLibs NO-SOURCE
> Task :app:stripDebugAndroidTestDebugSymbols NO-SOURCE
> Task :app:validateSigningDebugAndroidTest UP-TO-DATE
> Task :app:writeDebugAndroidTestSigningConfigVersions UP-TO-DATE
> Task :app:packageDebugAndroidTest UP-TO-DATE
> Task :app:createDebugAndroidTestApkListingFileRedirect UP-TO-DATE
> Task :app:connectedDebugAndroidTest
Starting 46 tests on SM-A525F - 14

siagajiwa.integration.AuthFlowIntegrationTest > testLoginAndFetchUserProfile[SM-A525F - 14] [31mFAILED [0m
	java.lang.AssertionError: Login should succeed
	at org.junit.Assert.fail(Assert.java:89)

siagajiwa.integration.AuthFlowIntegrationTest > testSessionValidityAfterLogin[SM-A525F - 14] [31mFAILED [0m
	java.lang.AssertionError: Login should succeed
	at org.junit.Assert.fail(Assert.java:89)

siagajiwa.integration.AuthFlowIntegrationTest > testCompleteLoginLogoutCycle[SM-A525F - 14] [31mFAILED [0m
	java.lang.AssertionError: Login should succeed
	at org.junit.Assert.fail(Assert.java:89)

siagajiwa.integration.AuthFlowIntegrationTest > testUserProfileNotFoundForInvalidUserId[SM-A525F - 14] [31mFAILED [0m
	java.lang.AssertionError: Login should succeed
	at org.junit.Assert.fail(Assert.java:89)

siagajiwa.integration.AuthFlowIntegrationTest > testMultipleLoginAttempts[SM-A525F - 14] [31mFAILED [0m
	java.lang.AssertionError: Login should succeed
	at org.junit.Assert.fail(Assert.java:89)

siagajiwa.integration.AuthFlowIntegrationTest > testCompleteLoginFlow[SM-A525F - 14] [31mFAILED [0m
	java.lang.AssertionError: Login should succeed
	at org.junit.Assert.fail(Assert.java:89)

siagajiwa.integration.AuthFlowIntegrationTest > testConsecutiveLogins[SM-A525F - 14] [31mFAILED [0m
	java.lang.AssertionError: Login should succeed
	at org.junit.Assert.fail(Assert.java:89)

siagajiwa.integration.LoginIntegrationTest > testSessionPersistenceAfterLogin[SM-A525F - 14] [31mFAILED [0m
	java.lang.AssertionError: Session should persist after login
	at org.junit.Assert.fail(Assert.java:89)

siagajiwa.integration.LoginIntegrationTest > testSuccessfulLogin[SM-A525F - 14] [31mFAILED [0m
	java.lang.AssertionError: Login should succeed with valid credentials
	at org.junit.Assert.fail(Assert.java:89)

siagajiwa.integration.LoginIntegrationTest > testMultipleSuccessfulLogins[SM-A525F - 14] [31mFAILED [0m
	java.lang.AssertionError: First login should succeed
	at org.junit.Assert.fail(Assert.java:89)

siagajiwa.integration.LoginIntegrationTest > testSuccessfulLoginAndLogout[SM-A525F - 14] [31mFAILED [0m
	java.lang.AssertionError: Login should succeed
	at org.junit.Assert.fail(Assert.java:89)

siagajiwa.integration.LoginIntegrationTest > testLoginStateAfterSuccessfulLogin[SM-A525F - 14] [31mFAILED [0m
	java.lang.AssertionError: Login should succeed
	at org.junit.Assert.fail(Assert.java:89)

SM-A525F - 14 Tests 28/46 completed. (0 skipped) (12 failed)

> Task :app:connectedDebugAndroidTest

siagajiwa.integration.UserViewModelIntegrationTest > testSignInLoadsStressResult[SM-A525F - 14] [31mFAILED [0m
	java.lang.AssertionError: Sign in should succeed
	at org.junit.Assert.fail(Assert.java:89)

siagajiwa.integration.UserViewModelIntegrationTest > testCheckAuthStatusLoadsStressResult[SM-A525F - 14] [31mFAILED [0m
	java.lang.AssertionError: User should be loaded
	at org.junit.Assert.fail(Assert.java:89)

siagajiwa.integration.UserViewModelIntegrationTest > testRefreshQuizData[SM-A525F - 14] [31mFAILED [0m
	java.lang.AssertionError: Sign in should succeed
	at org.junit.Assert.fail(Assert.java:89)

siagajiwa.integration.UserViewModelIntegrationTest > testRefreshStressData[SM-A525F - 14] [31mFAILED [0m
	java.lang.AssertionError: Sign in should succeed
	at org.junit.Assert.fail(Assert.java:89)

siagajiwa.integration.UserViewModelIntegrationTest > testSignInLoadsQuizResult[SM-A525F - 14] [31mFAILED [0m
	java.lang.AssertionError: Sign in should succeed
	at org.junit.Assert.fail(Assert.java:89)

siagajiwa.integration.UserViewModelIntegrationTest > testUserStateStructure[SM-A525F - 14] [31mFAILED [0m
	java.lang.AssertionError: Sign in should succeed
	at org.junit.Assert.fail(Assert.java:89)

siagajiwa.integration.UserViewModelIntegrationTest > testCheckAuthStatusLoadsQuizResult[SM-A525F - 14] [31mFAILED [0m
	java.lang.AssertionError: Sign in should succeed
	at org.junit.Assert.fail(Assert.java:89)
Tests on SM-A525F - 14 failed: There was 19 failure(s).

Finished 46 tests on SM-A525F - 14

> Task :app:connectedDebugAndroidTest FAILED

FAILURE: Build failed with an exception.

* What went wrong:
Execution failed for task ':app:connectedDebugAndroidTest'.
> There were failing tests. See the report at: file:///Users/hafidhidayatullah/AndroidStudioProjects/siagajiwaid/app/build/reports/androidTests/connected/debug/index.html

* Try:
> Run with --stacktrace option to get the stack trace.
> Run with --info or --debug option to get more log output.
> Run with --scan to get full insights.
> Get more help at https://help.gradle.org.

BUILD FAILED in 1m 43s
69 actionable tasks: 1 executed, 68 up-to-date
